<?xml version="1.0" encoding="UTF-8"?>
<testsuites name="Sauce demo" time="21.141" tests="1" failures="0" errors="0">
   <testsuite name="Sauce demo" tests="1" failures="0" errors="0" time="21.141" skipped="0" timestamp="2023-06-13 15:50:04" hostname="macbookfajri - localhost" id="Test Suites/Sauce demo">
      <properties>
         <property name="deviceName" value=""/>
         <property name="devicePlatform" value=""/>
         <property name="logFolder" value="/Users/macbookfajri/Katalon Studio/TC_01 Login/Reports/20230613_154945/Sauce demo/20230613_154945"/>
         <property name="logFiles" value="/Users/macbookfajri/Katalon Studio/TC_01 Login/Reports/20230613_154945/Sauce demo/20230613_154945/execution0.log"/>
         <property name="attachments" value=""/>
         <property name="hostName" value="macbookfajri - localhost"/>
         <property name="os" value="Mac OS X 64bit"/>
         <property name="katalonVersion" value="8.4.1.208"/>
         <property name="browser" value="Chrome 114.0.0.0"/>
         <property name="hostAddress" value="127.0.0.1"/>
         <property name="sessionId" value="156ef427108ecb2770f17bbec83c4a4e"/>
         <property name="seleniumVersion" value="3.141.59"/>
         <property name="proxyInformation" value="ProxyInformation { proxyOption=NO_PROXY, proxyServerType=HTTP, username=, password=********, proxyServerAddress=, proxyServerPort=0, executionList=&quot;&quot;, isApplyToDesiredCapabilities=true }"/>
         <property name="platform" value="Mac OS X"/>
      </properties>
      <testcase name="Test Cases/Sicepat Test/spy_object_saucedemo_variable" time="20.283" classname="Test Cases/Sicepat Test/spy_object_saucedemo_variable" status="PASSED">
         <system-out><![CDATA[2023-06-13 15:50:05 - [TEST_CASE][PASSED] - Test Cases/Sicepat Test/spy_object_saucedemo_variable: Test Cases/Sicepat Test/spy_object_saucedemo_variable

2023-06-13 15:50:06 - [TEST_STEP][PASSED] - openBrowser(""): Browser is opened with url: ''

2023-06-13 15:50:07 - [MESSAGE][INFO] - Starting 'Chrome' driver

2023-06-13 15:50:07 - [MESSAGE][INFO] - Action delay is set to 0 milliseconds

2023-06-13 15:50:12 - [MESSAGE][PASSED] - Browser is opened with url: ''

2023-06-13 15:50:12 - [TEST_STEP][PASSED] - navigateToUrl("https://www.saucedemo.com/"): Navigate to 'https://www.saucedemo.com/' successfully

2023-06-13 15:50:15 - [MESSAGE][PASSED] - Navigate to 'https://www.saucedemo.com/' successfully

2023-06-13 15:50:15 - [TEST_STEP][PASSED] - setText(findTestObject("full senyum sayang/Page_Swag Labs/input_Swag Labs_user-name"), "standard_user"): Text 'standard_user' is set on object 'Object Repository/full senyum sayang/Page_Swag Labs/input_Swag Labs_user-name'

2023-06-13 15:50:16 - [MESSAGE][PASSED] - Text 'standard_user' is set on object 'Object Repository/full senyum sayang/Page_Swag Labs/input_Swag Labs_user-name'

2023-06-13 15:50:16 - [TEST_STEP][PASSED] - setEncryptedText(findTestObject("full senyum sayang/Page_Swag Labs/input_Swag Labs_password"), "qcu24s4901FyWDTwXGr6XA=="): Text ****** has been set on object 'Object Repository/full senyum sayang/Page_Swag Labs/input_Swag Labs_password'

2023-06-13 15:50:17 - [MESSAGE][PASSED] - Text ****** has been set on object 'Object Repository/full senyum sayang/Page_Swag Labs/input_Swag Labs_password'

2023-06-13 15:50:17 - [TEST_STEP][PASSED] - click(findTestObject("pacar_baru/Page_Swag Labs/login-button")): Object: 'Object Repository/pacar_baru/Page_Swag Labs/login-button' is clicked on

2023-06-13 15:50:18 - [MESSAGE][PASSED] - Object: 'Object Repository/pacar_baru/Page_Swag Labs/login-button' is clicked on

2023-06-13 15:50:18 - [TEST_STEP][PASSED] - click(findTestObject("full senyum sayang/Page_Swag Labs/div_Sauce Labs Backpack")): Object: 'Object Repository/full senyum sayang/Page_Swag Labs/div_Sauce Labs Backpack' is clicked on

2023-06-13 15:50:19 - [MESSAGE][PASSED] - Object: 'Object Repository/full senyum sayang/Page_Swag Labs/div_Sauce Labs Backpack' is clicked on

2023-06-13 15:50:19 - [TEST_STEP][PASSED] - VAR1 = getText(findTestObject("full senyum sayang/Page_Swag Labs/div_29.99")): Text of object 'Object Repository/full senyum sayang/Page_Swag Labs/div_29.99' is: '$29.99'

2023-06-13 15:50:19 - [MESSAGE][PASSED] - Text of object 'Object Repository/full senyum sayang/Page_Swag Labs/div_29.99' is: '$29.99'

2023-06-13 15:50:19 - [TEST_STEP][PASSED] - click(findTestObject("full senyum sayang/Page_Swag Labs/button_Add to cart")): Object: 'Object Repository/full senyum sayang/Page_Swag Labs/button_Add to cart' is clicked on

2023-06-13 15:50:20 - [MESSAGE][PASSED] - Object: 'Object Repository/full senyum sayang/Page_Swag Labs/button_Add to cart' is clicked on

2023-06-13 15:50:20 - [TEST_STEP][PASSED] - click(findTestObject("pacar_baru/Page_Swag Labs/Icon_keranjang")): Object: 'Object Repository/pacar_baru/Page_Swag Labs/Icon_keranjang' is clicked on

2023-06-13 15:50:20 - [MESSAGE][PASSED] - Object: 'Object Repository/pacar_baru/Page_Swag Labs/Icon_keranjang' is clicked on

2023-06-13 15:50:20 - [TEST_STEP][PASSED] - VAR2 = getText(findTestObject("pacar_baru/Page_Swag Labs/Link_navgate_url_Labs Backpack (1)")): Text of object 'Object Repository/pacar_baru/Page_Swag Labs/Link_navgate_url_Labs Backpack (1)' is: '$29.99'

2023-06-13 15:50:21 - [MESSAGE][PASSED] - Text of object 'Object Repository/pacar_baru/Page_Swag Labs/Link_navgate_url_Labs Backpack (1)' is: '$29.99'

2023-06-13 15:50:21 - [TEST_STEP][PASSED] - VAR3 = VAR1 == VAR2: null

2023-06-13 15:50:21 - [TEST_STEP][PASSED] - if (VAR3): null

2023-06-13 15:50:21 - [TEST_STEP][PASSED] - println("Test Passed: Harga checkout sama dengan harga di halaman awal"): null

2023-06-13 15:50:21 - [TEST_STEP][PASSED] - click(findTestObject("full senyum sayang/Page_Swag Labs/button_Checkout")): Object: 'Object Repository/full senyum sayang/Page_Swag Labs/button_Checkout' is clicked on

2023-06-13 15:50:22 - [MESSAGE][PASSED] - Object: 'Object Repository/full senyum sayang/Page_Swag Labs/button_Checkout' is clicked on

2023-06-13 15:50:22 - [TEST_STEP][PASSED] - setText(findTestObject("full senyum sayang/Page_Swag Labs/input_Checkout Your Information_firstName"), "aku"): Text 'aku' is set on object 'Object Repository/full senyum sayang/Page_Swag Labs/input_Checkout Your Information_firstName'

2023-06-13 15:50:23 - [MESSAGE][PASSED] - Text 'aku' is set on object 'Object Repository/full senyum sayang/Page_Swag Labs/input_Checkout Your Information_firstName'

2023-06-13 15:50:23 - [TEST_STEP][PASSED] - setText(findTestObject("full senyum sayang/Page_Swag Labs/input_Checkout Your Information_lastName"), "input last name"): Text 'input last name' is set on object 'Object Repository/full senyum sayang/Page_Swag Labs/input_Checkout Your Information_lastName'

2023-06-13 15:50:23 - [MESSAGE][PASSED] - Text 'input last name' is set on object 'Object Repository/full senyum sayang/Page_Swag Labs/input_Checkout Your Information_lastName'

2023-06-13 15:50:23 - [TEST_STEP][PASSED] - setText(findTestObject("full senyum sayang/Page_Swag Labs/input_Checkout Your Information_postalCode"), "123"): Text '123' is set on object 'Object Repository/full senyum sayang/Page_Swag Labs/input_Checkout Your Information_postalCode'

2023-06-13 15:50:24 - [MESSAGE][PASSED] - Text '123' is set on object 'Object Repository/full senyum sayang/Page_Swag Labs/input_Checkout Your Information_postalCode'

2023-06-13 15:50:24 - [TEST_STEP][PASSED] - click(findTestObject("full senyum sayang/Page_Swag Labs/input_Cancel_continue")): Object: 'Object Repository/full senyum sayang/Page_Swag Labs/input_Cancel_continue' is clicked on

2023-06-13 15:50:25 - [MESSAGE][PASSED] - Object: 'Object Repository/full senyum sayang/Page_Swag Labs/input_Cancel_continue' is clicked on]]></system-out>
         <system-err><![CDATA[]]></system-err>
      </testcase>
      <system-out><![CDATA[2023-06-13 15:50:04 - [TEST_SUITE][PASSED] - Sauce demo: Test Cases/Sicepat Test/spy_object_saucedemo_variable]]></system-out>
      <system-err><![CDATA[]]></system-err>
   </testsuite>
</testsuites>
